2026-03-24 13:12:59,839 [INFO] ============================================================
2026-03-24 13:12:59,839 [INFO] Date Range Update: 21-03-2026 to 23-03-2026
2026-03-24 13:12:59,840 [INFO] ============================================================
2026-03-24 13:12:59,840 [WARNING] No matching files found in the specified range.
2026-03-24 13:13:19,090 [INFO] ============================================================
2026-03-24 13:13:19,091 [INFO] Date Range Update: 06-03-2026 to 06-03-2026
2026-03-24 13:13:19,091 [INFO] ============================================================
2026-03-24 13:13:19,123 [INFO] Found 5940 files to process.
2026-03-24 13:13:19,188 [INFO] Progress: 10/5940 | Updated=0 | Skipped=10 | Errors=0
2026-03-24 13:13:19,206 [INFO] Progress: 20/5940 | Updated=0 | Skipped=20 | Errors=0
2026-03-24 13:13:19,222 [INFO] Progress: 30/5940 | Updated=0 | Skipped=30 | Errors=0
2026-03-24 13:13:19,257 [INFO] Progress: 40/5940 | Updated=0 | Skipped=40 | Errors=0
2026-03-24 13:13:19,272 [INFO] Progress: 50/5940 | Updated=0 | Skipped=50 | Errors=0
2026-03-24 13:13:19,295 [INFO] Progress: 60/5940 | Updated=0 | Skipped=60 | Errors=0
2026-03-24 13:13:19,318 [INFO] Progress: 70/5940 | Updated=0 | Skipped=70 | Errors=0
2026-03-24 13:13:19,336 [INFO] Progress: 80/5940 | Updated=0 | Skipped=80 | Errors=0
2026-03-24 13:13:19,351 [INFO] Progress: 90/5940 | Updated=0 | Skipped=90 | Errors=0
2026-03-24 13:13:19,372 [INFO] Progress: 100/5940 | Updated=0 | Skipped=100 | Errors=0
2026-03-24 13:13:19,394 [INFO] Progress: 110/5940 | Updated=0 | Skipped=110 | Errors=0
2026-03-24 13:13:19,414 [INFO] Progress: 120/5940 | Updated=0 | Skipped=120 | Errors=0
2026-03-24 13:13:19,434 [INFO] Progress: 130/5940 | Updated=0 | Skipped=130 | Errors=0
2026-03-24 13:13:19,459 [INFO] Progress: 140/5940 | Updated=0 | Skipped=140 | Errors=0
2026-03-24 13:13:19,479 [INFO] Progress: 150/5940 | Updated=0 | Skipped=150 | Errors=0
2026-03-24 13:13:19,496 [INFO] Progress: 160/5940 | Updated=0 | Skipped=160 | Errors=0
2026-03-24 13:13:19,517 [INFO] Progress: 170/5940 | Updated=0 | Skipped=170 | Errors=0
2026-03-24 13:13:19,533 [INFO] Progress: 180/5940 | Updated=0 | Skipped=180 | Errors=0
2026-03-24 13:13:19,574 [INFO] Progress: 190/5940 | Updated=0 | Skipped=190 | Errors=0
2026-03-24 13:13:19,590 [INFO] Progress: 200/5940 | Updated=0 | Skipped=200 | Errors=0
2026-03-24 13:13:19,612 [INFO] Progress: 210/5940 | Updated=0 | Skipped=210 | Errors=0
2026-03-24 13:13:19,633 [INFO] Progress: 220/5940 | Updated=0 | Skipped=220 | Errors=0
2026-03-24 13:13:19,650 [INFO] Progress: 230/5940 | Updated=0 | Skipped=230 | Errors=0
2026-03-24 13:13:19,672 [INFO] Progress: 240/5940 | Updated=0 | Skipped=240 | Errors=0
2026-03-24 13:13:19,694 [INFO] Progress: 250/5940 | Updated=0 | Skipped=250 | Errors=0
2026-03-24 13:13:19,715 [INFO] Progress: 260/5940 | Updated=0 | Skipped=260 | Errors=0
2026-03-24 13:13:19,736 [INFO] Progress: 270/5940 | Updated=0 | Skipped=270 | Errors=0
2026-03-24 13:13:19,772 [INFO] Progress: 280/5940 | Updated=0 | Skipped=280 | Errors=0
2026-03-24 13:13:19,787 [INFO] Progress: 290/5940 | Updated=0 | Skipped=290 | Errors=0
2026-03-24 13:13:19,806 [INFO] Progress: 300/5940 | Updated=0 | Skipped=300 | Errors=0
2026-03-24 13:13:19,823 [INFO] Progress: 310/5940 | Updated=0 | Skipped=310 | Errors=0
2026-03-24 13:13:19,851 [INFO] Progress: 320/5940 | Updated=0 | Skipped=320 | Errors=0
2026-03-24 13:13:19,876 [INFO] Progress: 330/5940 | Updated=0 | Skipped=330 | Errors=0
2026-03-24 13:13:19,902 [INFO] Progress: 340/5940 | Updated=0 | Skipped=340 | Errors=0
2026-03-24 13:13:19,921 [INFO] Progress: 350/5940 | Updated=0 | Skipped=350 | Errors=0
2026-03-24 13:13:19,934 [INFO] Progress: 360/5940 | Updated=0 | Skipped=360 | Errors=0
2026-03-24 13:13:19,956 [INFO] Progress: 370/5940 | Updated=0 | Skipped=370 | Errors=0
2026-03-24 13:13:19,976 [INFO] Progress: 380/5940 | Updated=0 | Skipped=380 | Errors=0
2026-03-24 13:13:19,992 [INFO] Progress: 390/5940 | Updated=0 | Skipped=390 | Errors=0
2026-03-24 13:13:20,017 [INFO] Progress: 400/5940 | Updated=0 | Skipped=400 | Errors=0
2026-03-24 13:13:20,039 [INFO] Progress: 410/5940 | Updated=0 | Skipped=410 | Errors=0
2026-03-24 13:13:20,060 [INFO] Progress: 420/5940 | Updated=0 | Skipped=420 | Errors=0
2026-03-24 13:13:20,076 [INFO] Progress: 430/5940 | Updated=0 | Skipped=430 | Errors=0
2026-03-24 13:13:20,101 [INFO] Progress: 440/5940 | Updated=0 | Skipped=440 | Errors=0
2026-03-24 13:13:20,118 [INFO] Progress: 450/5940 | Updated=0 | Skipped=450 | Errors=0
2026-03-24 13:13:20,139 [INFO] Progress: 460/5940 | Updated=0 | Skipped=460 | Errors=0
2026-03-24 13:13:20,161 [INFO] Progress: 470/5940 | Updated=0 | Skipped=470 | Errors=0
2026-03-24 13:13:20,169 [INFO] Progress: 480/5940 | Updated=0 | Skipped=480 | Errors=0
2026-03-24 13:13:20,199 [INFO] Progress: 490/5940 | Updated=0 | Skipped=490 | Errors=0
2026-03-24 13:13:20,213 [INFO] Progress: 500/5940 | Updated=0 | Skipped=500 | Errors=0
2026-03-24 13:13:20,234 [INFO] Progress: 510/5940 | Updated=0 | Skipped=510 | Errors=0
2026-03-24 13:13:20,258 [INFO] Progress: 520/5940 | Updated=0 | Skipped=520 | Errors=0
2026-03-24 13:13:20,275 [INFO] Progress: 530/5940 | Updated=0 | Skipped=530 | Errors=0
2026-03-24 13:13:20,294 [INFO] Progress: 540/5940 | Updated=0 | Skipped=540 | Errors=0
2026-03-24 13:13:20,315 [INFO] Progress: 550/5940 | Updated=0 | Skipped=550 | Errors=0
2026-03-24 13:13:20,332 [INFO] Progress: 560/5940 | Updated=0 | Skipped=560 | Errors=0
2026-03-24 13:13:20,352 [INFO] Progress: 570/5940 | Updated=0 | Skipped=570 | Errors=0
2026-03-24 13:13:20,369 [INFO] Progress: 580/5940 | Updated=0 | Skipped=580 | Errors=0
2026-03-24 13:13:20,390 [INFO] Progress: 590/5940 | Updated=0 | Skipped=590 | Errors=0
2026-03-24 13:13:20,410 [INFO] Progress: 600/5940 | Updated=0 | Skipped=600 | Errors=0
2026-03-24 13:13:20,437 [INFO] Progress: 610/5940 | Updated=0 | Skipped=610 | Errors=0
2026-03-24 13:13:20,452 [INFO] Progress: 620/5940 | Updated=0 | Skipped=620 | Errors=0
2026-03-24 13:13:20,502 [INFO] Progress: 630/5940 | Updated=0 | Skipped=630 | Errors=0
2026-03-24 13:13:20,519 [INFO] Progress: 640/5940 | Updated=0 | Skipped=640 | Errors=0
2026-03-24 13:13:20,547 [INFO] Progress: 650/5940 | Updated=0 | Skipped=650 | Errors=0
2026-03-24 13:13:20,563 [INFO] Progress: 660/5940 | Updated=0 | Skipped=660 | Errors=0
2026-03-24 13:13:20,586 [INFO] Progress: 670/5940 | Updated=0 | Skipped=670 | Errors=0
2026-03-24 13:13:20,605 [INFO] Progress: 680/5940 | Updated=0 | Skipped=680 | Errors=0
2026-03-24 13:13:20,618 [INFO] Progress: 690/5940 | Updated=0 | Skipped=690 | Errors=0
2026-03-24 13:13:20,637 [INFO] Progress: 700/5940 | Updated=0 | Skipped=700 | Errors=0
2026-03-24 13:13:20,654 [INFO] Progress: 710/5940 | Updated=0 | Skipped=710 | Errors=0
2026-03-24 13:13:20,682 [INFO] Progress: 720/5940 | Updated=0 | Skipped=720 | Errors=0
2026-03-24 13:13:20,705 [INFO] Progress: 730/5940 | Updated=0 | Skipped=730 | Errors=0
2026-03-24 13:13:20,733 [INFO] Progress: 740/5940 | Updated=0 | Skipped=740 | Errors=0
2026-03-24 13:13:20,748 [INFO] Progress: 750/5940 | Updated=0 | Skipped=750 | Errors=0
2026-03-24 13:13:20,771 [INFO] Progress: 760/5940 | Updated=0 | Skipped=760 | Errors=0
2026-03-24 13:13:20,795 [INFO] Progress: 770/5940 | Updated=0 | Skipped=770 | Errors=0
2026-03-24 13:13:20,815 [INFO] Progress: 780/5940 | Updated=0 | Skipped=780 | Errors=0
2026-03-24 13:13:20,834 [INFO] Progress: 790/5940 | Updated=0 | Skipped=790 | Errors=0
2026-03-24 13:13:20,845 [INFO] Progress: 800/5940 | Updated=0 | Skipped=800 | Errors=0
2026-03-24 13:13:20,878 [INFO] Progress: 810/5940 | Updated=0 | Skipped=810 | Errors=0
2026-03-24 13:13:20,892 [INFO] Progress: 820/5940 | Updated=0 | Skipped=820 | Errors=0
2026-03-24 13:13:20,899 [INFO] Progress: 830/5940 | Updated=0 | Skipped=830 | Errors=0
2026-03-24 13:13:20,911 [INFO] Progress: 840/5940 | Updated=0 | Skipped=840 | Errors=0
2026-03-24 13:13:20,917 [INFO] Progress: 850/5940 | Updated=0 | Skipped=850 | Errors=0
2026-03-24 13:13:20,924 [INFO] Progress: 860/5940 | Updated=0 | Skipped=860 | Errors=0
2026-03-24 13:13:20,930 [INFO] Progress: 870/5940 | Updated=0 | Skipped=870 | Errors=0
2026-03-24 13:13:20,943 [INFO] Progress: 880/5940 | Updated=0 | Skipped=880 | Errors=0
2026-03-24 13:13:20,948 [INFO] Progress: 890/5940 | Updated=0 | Skipped=890 | Errors=0
2026-03-24 13:13:20,954 [INFO] Progress: 900/5940 | Updated=0 | Skipped=900 | Errors=0
2026-03-24 13:13:20,960 [INFO] Progress: 910/5940 | Updated=0 | Skipped=910 | Errors=0
2026-03-24 13:13:20,972 [INFO] Progress: 920/5940 | Updated=0 | Skipped=920 | Errors=0
2026-03-24 13:13:20,978 [INFO] Progress: 930/5940 | Updated=0 | Skipped=930 | Errors=0
2026-03-24 13:13:20,984 [INFO] Progress: 940/5940 | Updated=0 | Skipped=940 | Errors=0
2026-03-24 13:13:20,991 [INFO] Progress: 950/5940 | Updated=0 | Skipped=950 | Errors=0
2026-03-24 13:13:21,001 [INFO] Progress: 960/5940 | Updated=0 | Skipped=960 | Errors=0
2026-03-24 13:13:21,008 [INFO] Progress: 970/5940 | Updated=0 | Skipped=970 | Errors=0
2026-03-24 13:13:21,014 [INFO] Progress: 980/5940 | Updated=0 | Skipped=980 | Errors=0
2026-03-24 13:13:21,020 [INFO] Progress: 990/5940 | Updated=0 | Skipped=990 | Errors=0
2026-03-24 13:13:21,031 [INFO] Progress: 1000/5940 | Updated=0 | Skipped=1000 | Errors=0
2026-03-24 13:13:21,038 [INFO] Progress: 1010/5940 | Updated=0 | Skipped=1010 | Errors=0
2026-03-24 13:13:21,045 [INFO] Progress: 1020/5940 | Updated=0 | Skipped=1020 | Errors=0
2026-03-24 13:13:21,051 [INFO] Progress: 1030/5940 | Updated=0 | Skipped=1030 | Errors=0
2026-03-24 13:13:21,061 [INFO] Progress: 1040/5940 | Updated=0 | Skipped=1040 | Errors=0
2026-03-24 13:13:21,067 [INFO] Progress: 1050/5940 | Updated=0 | Skipped=1050 | Errors=0
2026-03-24 13:13:21,073 [INFO] Progress: 1060/5940 | Updated=0 | Skipped=1060 | Errors=0
2026-03-24 13:13:21,080 [INFO] Progress: 1070/5940 | Updated=0 | Skipped=1070 | Errors=0
2026-03-24 13:13:21,092 [INFO] Progress: 1080/5940 | Updated=0 | Skipped=1080 | Errors=0
2026-03-24 13:13:21,098 [INFO] Progress: 1090/5940 | Updated=0 | Skipped=1090 | Errors=0
2026-03-24 13:13:21,104 [INFO] Progress: 1100/5940 | Updated=0 | Skipped=1100 | Errors=0
2026-03-24 13:13:21,111 [INFO] Progress: 1110/5940 | Updated=0 | Skipped=1110 | Errors=0
2026-03-24 13:13:21,122 [INFO] Progress: 1120/5940 | Updated=0 | Skipped=1120 | Errors=0
2026-03-24 13:13:21,128 [INFO] Progress: 1130/5940 | Updated=0 | Skipped=1130 | Errors=0
2026-03-24 13:13:21,134 [INFO] Progress: 1140/5940 | Updated=0 | Skipped=1140 | Errors=0
2026-03-24 13:13:21,140 [INFO] Progress: 1150/5940 | Updated=0 | Skipped=1150 | Errors=0
2026-03-24 13:13:21,151 [INFO] Progress: 1160/5940 | Updated=0 | Skipped=1160 | Errors=0
2026-03-24 13:13:21,158 [INFO] Progress: 1170/5940 | Updated=0 | Skipped=1170 | Errors=0
2026-03-24 13:13:21,164 [INFO] Progress: 1180/5940 | Updated=0 | Skipped=1180 | Errors=0
2026-03-24 13:13:21,169 [INFO] Progress: 1190/5940 | Updated=0 | Skipped=1190 | Errors=0
2026-03-24 13:13:21,181 [INFO] Progress: 1200/5940 | Updated=0 | Skipped=1200 | Errors=0
2026-03-24 13:13:21,187 [INFO] Progress: 1210/5940 | Updated=0 | Skipped=1210 | Errors=0
2026-03-24 13:13:21,193 [INFO] Progress: 1220/5940 | Updated=0 | Skipped=1220 | Errors=0
2026-03-24 13:13:21,199 [INFO] Progress: 1230/5940 | Updated=0 | Skipped=1230 | Errors=0
2026-03-24 13:13:21,209 [INFO] Progress: 1240/5940 | Updated=0 | Skipped=1240 | Errors=0
2026-03-24 13:13:21,215 [INFO] Progress: 1250/5940 | Updated=0 | Skipped=1250 | Errors=0
2026-03-24 13:13:21,221 [INFO] Progress: 1260/5940 | Updated=0 | Skipped=1260 | Errors=0
2026-03-24 13:13:21,227 [INFO] Progress: 1270/5940 | Updated=0 | Skipped=1270 | Errors=0
2026-03-24 13:13:21,237 [INFO] Progress: 1280/5940 | Updated=0 | Skipped=1280 | Errors=0
2026-03-24 13:13:21,244 [INFO] Progress: 1290/5940 | Updated=0 | Skipped=1290 | Errors=0
2026-03-24 13:13:21,250 [INFO] Progress: 1300/5940 | Updated=0 | Skipped=1300 | Errors=0
2026-03-24 13:13:21,256 [INFO] Progress: 1310/5940 | Updated=0 | Skipped=1310 | Errors=0
2026-03-24 13:13:21,267 [INFO] Progress: 1320/5940 | Updated=0 | Skipped=1320 | Errors=0
2026-03-24 13:13:21,273 [INFO] Progress: 1330/5940 | Updated=0 | Skipped=1330 | Errors=0
2026-03-24 13:13:21,279 [INFO] Progress: 1340/5940 | Updated=0 | Skipped=1340 | Errors=0
2026-03-24 13:13:21,285 [INFO] Progress: 1350/5940 | Updated=0 | Skipped=1350 | Errors=0
2026-03-24 13:13:21,296 [INFO] Progress: 1360/5940 | Updated=0 | Skipped=1360 | Errors=0
2026-03-24 13:13:21,302 [INFO] Progress: 1370/5940 | Updated=0 | Skipped=1370 | Errors=0
2026-03-24 13:13:21,308 [INFO] Progress: 1380/5940 | Updated=0 | Skipped=1380 | Errors=0
2026-03-24 13:13:21,314 [INFO] Progress: 1390/5940 | Updated=0 | Skipped=1390 | Errors=0
2026-03-24 13:13:21,325 [INFO] Progress: 1400/5940 | Updated=0 | Skipped=1400 | Errors=0
2026-03-24 13:13:21,332 [INFO] Progress: 1410/5940 | Updated=0 | Skipped=1410 | Errors=0
2026-03-24 13:13:21,339 [INFO] Progress: 1420/5940 | Updated=0 | Skipped=1420 | Errors=0
2026-03-24 13:13:21,346 [INFO] Progress: 1430/5940 | Updated=0 | Skipped=1430 | Errors=0
2026-03-24 13:13:21,357 [INFO] Progress: 1440/5940 | Updated=0 | Skipped=1440 | Errors=0
2026-03-24 13:13:21,363 [INFO] Progress: 1450/5940 | Updated=0 | Skipped=1450 | Errors=0
2026-03-24 13:13:21,369 [INFO] Progress: 1460/5940 | Updated=0 | Skipped=1460 | Errors=0
2026-03-24 13:13:21,375 [INFO] Progress: 1470/5940 | Updated=0 | Skipped=1470 | Errors=0
2026-03-24 13:13:21,387 [INFO] Progress: 1480/5940 | Updated=0 | Skipped=1480 | Errors=0
2026-03-24 13:13:21,393 [INFO] Progress: 1490/5940 | Updated=0 | Skipped=1490 | Errors=0
2026-03-24 13:13:21,399 [INFO] Progress: 1500/5940 | Updated=0 | Skipped=1500 | Errors=0
2026-03-24 13:13:21,405 [INFO] Progress: 1510/5940 | Updated=0 | Skipped=1510 | Errors=0
2026-03-24 13:13:21,416 [INFO] Progress: 1520/5940 | Updated=0 | Skipped=1520 | Errors=0
2026-03-24 13:13:21,422 [INFO] Progress: 1530/5940 | Updated=0 | Skipped=1530 | Errors=0
2026-03-24 13:13:21,428 [INFO] Progress: 1540/5940 | Updated=0 | Skipped=1540 | Errors=0
2026-03-24 13:13:21,434 [INFO] Progress: 1550/5940 | Updated=0 | Skipped=1550 | Errors=0
2026-03-24 13:13:21,445 [INFO] Progress: 1560/5940 | Updated=0 | Skipped=1560 | Errors=0
2026-03-24 13:13:21,451 [INFO] Progress: 1570/5940 | Updated=0 | Skipped=1570 | Errors=0
2026-03-24 13:13:21,458 [INFO] Progress: 1580/5940 | Updated=0 | Skipped=1580 | Errors=0
2026-03-24 13:13:21,464 [INFO] Progress: 1590/5940 | Updated=0 | Skipped=1590 | Errors=0
2026-03-24 13:13:21,476 [INFO] Progress: 1600/5940 | Updated=0 | Skipped=1600 | Errors=0
2026-03-24 13:13:21,482 [INFO] Progress: 1610/5940 | Updated=0 | Skipped=1610 | Errors=0
2026-03-24 13:13:21,489 [INFO] Progress: 1620/5940 | Updated=0 | Skipped=1620 | Errors=0
2026-03-24 13:13:21,495 [INFO] Progress: 1630/5940 | Updated=0 | Skipped=1630 | Errors=0
2026-03-24 13:13:21,505 [INFO] Progress: 1640/5940 | Updated=0 | Skipped=1640 | Errors=0
2026-03-24 13:13:21,511 [INFO] Progress: 1650/5940 | Updated=0 | Skipped=1650 | Errors=0
2026-03-24 13:13:21,517 [INFO] Progress: 1660/5940 | Updated=0 | Skipped=1660 | Errors=0
2026-03-24 13:13:21,523 [INFO] Progress: 1670/5940 | Updated=0 | Skipped=1670 | Errors=0
2026-03-24 13:13:21,534 [INFO] Progress: 1680/5940 | Updated=0 | Skipped=1680 | Errors=0
2026-03-24 13:13:21,540 [INFO] Progress: 1690/5940 | Updated=0 | Skipped=1690 | Errors=0
2026-03-24 13:13:21,546 [INFO] Progress: 1700/5940 | Updated=0 | Skipped=1700 | Errors=0
2026-03-24 13:13:21,552 [INFO] Progress: 1710/5940 | Updated=0 | Skipped=1710 | Errors=0
2026-03-24 13:13:21,564 [INFO] Progress: 1720/5940 | Updated=0 | Skipped=1720 | Errors=0
2026-03-24 13:13:21,570 [INFO] Progress: 1730/5940 | Updated=0 | Skipped=1730 | Errors=0
2026-03-24 13:13:21,577 [INFO] Progress: 1740/5940 | Updated=0 | Skipped=1740 | Errors=0
2026-03-24 13:13:21,584 [INFO] Progress: 1750/5940 | Updated=0 | Skipped=1750 | Errors=0
2026-03-24 13:13:21,595 [INFO] Progress: 1760/5940 | Updated=0 | Skipped=1760 | Errors=0
2026-03-24 13:13:21,602 [INFO] Progress: 1770/5940 | Updated=0 | Skipped=1770 | Errors=0
2026-03-24 13:13:21,608 [INFO] Progress: 1780/5940 | Updated=0 | Skipped=1780 | Errors=0
2026-03-24 13:13:21,614 [INFO] Progress: 1790/5940 | Updated=0 | Skipped=1790 | Errors=0
2026-03-24 13:13:21,626 [INFO] Progress: 1800/5940 | Updated=0 | Skipped=1800 | Errors=0
2026-03-24 13:13:21,632 [INFO] Progress: 1810/5940 | Updated=0 | Skipped=1810 | Errors=0
2026-03-24 13:13:21,638 [INFO] Progress: 1820/5940 | Updated=0 | Skipped=1820 | Errors=0
2026-03-24 13:13:21,644 [INFO] Progress: 1830/5940 | Updated=0 | Skipped=1830 | Errors=0
2026-03-24 13:13:21,656 [INFO] Progress: 1840/5940 | Updated=0 | Skipped=1840 | Errors=0
2026-03-24 13:13:21,661 [INFO] Progress: 1850/5940 | Updated=0 | Skipped=1850 | Errors=0
2026-03-24 13:13:21,668 [INFO] Progress: 1860/5940 | Updated=0 | Skipped=1860 | Errors=0
2026-03-24 13:13:21,674 [INFO] Progress: 1870/5940 | Updated=0 | Skipped=1870 | Errors=0
2026-03-24 13:13:21,685 [INFO] Progress: 1880/5940 | Updated=0 | Skipped=1880 | Errors=0
2026-03-24 13:13:21,691 [INFO] Progress: 1890/5940 | Updated=0 | Skipped=1890 | Errors=0
2026-03-24 13:13:21,697 [INFO] Progress: 1900/5940 | Updated=0 | Skipped=1900 | Errors=0
2026-03-24 13:13:21,703 [INFO] Progress: 1910/5940 | Updated=0 | Skipped=1910 | Errors=0
2026-03-24 13:13:21,714 [INFO] Progress: 1920/5940 | Updated=0 | Skipped=1920 | Errors=0
2026-03-24 13:13:21,719 [INFO] Progress: 1930/5940 | Updated=0 | Skipped=1930 | Errors=0
2026-03-24 13:13:21,726 [INFO] Progress: 1940/5940 | Updated=0 | Skipped=1940 | Errors=0
2026-03-24 13:13:21,732 [INFO] Progress: 1950/5940 | Updated=0 | Skipped=1950 | Errors=0
2026-03-24 13:13:21,743 [INFO] Progress: 1960/5940 | Updated=0 | Skipped=1960 | Errors=0
2026-03-24 13:13:21,749 [INFO] Progress: 1970/5940 | Updated=0 | Skipped=1970 | Errors=0
2026-03-24 13:13:21,756 [INFO] Progress: 1980/5940 | Updated=0 | Skipped=1980 | Errors=0
2026-03-24 13:13:21,762 [INFO] Progress: 1990/5940 | Updated=0 | Skipped=1990 | Errors=0
2026-03-24 13:13:21,773 [INFO] Progress: 2000/5940 | Updated=0 | Skipped=2000 | Errors=0
2026-03-24 13:13:21,779 [INFO] Progress: 2010/5940 | Updated=0 | Skipped=2010 | Errors=0
2026-03-24 13:13:21,785 [INFO] Progress: 2020/5940 | Updated=0 | Skipped=2020 | Errors=0
2026-03-24 13:13:21,791 [INFO] Progress: 2030/5940 | Updated=0 | Skipped=2030 | Errors=0
2026-03-24 13:13:21,802 [INFO] Progress: 2040/5940 | Updated=0 | Skipped=2040 | Errors=0
2026-03-24 13:13:21,808 [INFO] Progress: 2050/5940 | Updated=0 | Skipped=2050 | Errors=0
2026-03-24 13:13:21,814 [INFO] Progress: 2060/5940 | Updated=0 | Skipped=2060 | Errors=0
2026-03-24 13:13:21,820 [INFO] Progress: 2070/5940 | Updated=0 | Skipped=2070 | Errors=0
2026-03-24 13:13:21,832 [INFO] Progress: 2080/5940 | Updated=0 | Skipped=2080 | Errors=0
2026-03-24 13:13:21,838 [INFO] Progress: 2090/5940 | Updated=0 | Skipped=2090 | Errors=0
2026-03-24 13:13:21,845 [INFO] Progress: 2100/5940 | Updated=0 | Skipped=2100 | Errors=0
2026-03-24 13:13:21,850 [INFO] Progress: 2110/5940 | Updated=0 | Skipped=2110 | Errors=0
2026-03-24 13:13:21,862 [INFO] Progress: 2120/5940 | Updated=0 | Skipped=2120 | Errors=0
2026-03-24 13:13:21,868 [INFO] Progress: 2130/5940 | Updated=0 | Skipped=2130 | Errors=0
2026-03-24 13:13:21,875 [INFO] Progress: 2140/5940 | Updated=0 | Skipped=2140 | Errors=0
2026-03-24 13:13:21,881 [INFO] Progress: 2150/5940 | Updated=0 | Skipped=2150 | Errors=0
2026-03-24 13:13:21,893 [INFO] Progress: 2160/5940 | Updated=0 | Skipped=2160 | Errors=0
2026-03-24 13:13:21,898 [INFO] Progress: 2170/5940 | Updated=0 | Skipped=2170 | Errors=0
2026-03-24 13:13:21,904 [INFO] Progress: 2180/5940 | Updated=0 | Skipped=2180 | Errors=0
2026-03-24 13:13:21,910 [INFO] Progress: 2190/5940 | Updated=0 | Skipped=2190 | Errors=0
2026-03-24 13:13:21,921 [INFO] Progress: 2200/5940 | Updated=0 | Skipped=2200 | Errors=0
2026-03-24 13:13:21,927 [INFO] Progress: 2210/5940 | Updated=0 | Skipped=2210 | Errors=0
2026-03-24 13:13:21,933 [INFO] Progress: 2220/5940 | Updated=0 | Skipped=2220 | Errors=0
2026-03-24 13:13:21,939 [INFO] Progress: 2230/5940 | Updated=0 | Skipped=2230 | Errors=0
2026-03-24 13:13:21,950 [INFO] Progress: 2240/5940 | Updated=0 | Skipped=2240 | Errors=0
2026-03-24 13:13:21,957 [INFO] Progress: 2250/5940 | Updated=0 | Skipped=2250 | Errors=0
2026-03-24 13:13:21,963 [INFO] Progress: 2260/5940 | Updated=0 | Skipped=2260 | Errors=0
2026-03-24 13:13:21,968 [INFO] Progress: 2270/5940 | Updated=0 | Skipped=2270 | Errors=0
2026-03-24 13:13:21,979 [INFO] Progress: 2280/5940 | Updated=0 | Skipped=2280 | Errors=0
2026-03-24 13:13:21,985 [INFO] Progress: 2290/5940 | Updated=0 | Skipped=2290 | Errors=0
2026-03-24 13:13:21,992 [INFO] Progress: 2300/5940 | Updated=0 | Skipped=2300 | Errors=0
2026-03-24 13:13:21,997 [INFO] Progress: 2310/5940 | Updated=0 | Skipped=2310 | Errors=0
2026-03-24 13:13:22,009 [INFO] Progress: 2320/5940 | Updated=0 | Skipped=2320 | Errors=0
2026-03-24 13:13:22,024 [INFO] Progress: 2330/5940 | Updated=0 | Skipped=2330 | Errors=0
2026-03-24 13:13:22,046 [INFO] Progress: 2340/5940 | Updated=0 | Skipped=2340 | Errors=0
2026-03-24 13:13:22,047 [INFO] Progress: 2350/5940 | Updated=0 | Skipped=2350 | Errors=0
2026-03-24 13:13:22,052 [INFO] Progress: 2360/5940 | Updated=0 | Skipped=2360 | Errors=0
2026-03-24 13:13:22,065 [INFO] Progress: 2370/5940 | Updated=0 | Skipped=2370 | Errors=0
2026-03-24 13:13:22,073 [INFO] Progress: 2380/5940 | Updated=0 | Skipped=2380 | Errors=0
2026-03-24 13:13:22,080 [INFO] Progress: 2390/5940 | Updated=0 | Skipped=2390 | Errors=0
2026-03-24 13:13:22,086 [INFO] Progress: 2400/5940 | Updated=0 | Skipped=2400 | Errors=0
2026-03-24 13:13:22,096 [INFO] Progress: 2410/5940 | Updated=0 | Skipped=2410 | Errors=0
2026-03-24 13:13:22,103 [INFO] Progress: 2420/5940 | Updated=0 | Skipped=2420 | Errors=0
2026-03-24 13:13:22,109 [INFO] Progress: 2430/5940 | Updated=0 | Skipped=2430 | Errors=0
2026-03-24 13:13:22,115 [INFO] Progress: 2440/5940 | Updated=0 | Skipped=2440 | Errors=0
2026-03-24 13:13:22,126 [INFO] Progress: 2450/5940 | Updated=0 | Skipped=2450 | Errors=0
2026-03-24 13:13:22,132 [INFO] Progress: 2460/5940 | Updated=0 | Skipped=2460 | Errors=0
2026-03-24 13:13:22,138 [INFO] Progress: 2470/5940 | Updated=0 | Skipped=2470 | Errors=0
2026-03-24 13:13:22,144 [INFO] Progress: 2480/5940 | Updated=0 | Skipped=2480 | Errors=0
2026-03-24 13:13:22,155 [INFO] Progress: 2490/5940 | Updated=0 | Skipped=2490 | Errors=0
2026-03-24 13:13:22,161 [INFO] Progress: 2500/5940 | Updated=0 | Skipped=2500 | Errors=0
2026-03-24 13:13:22,167 [INFO] Progress: 2510/5940 | Updated=0 | Skipped=2510 | Errors=0
2026-03-24 13:13:22,173 [INFO] Progress: 2520/5940 | Updated=0 | Skipped=2520 | Errors=0
2026-03-24 13:13:22,184 [INFO] Progress: 2530/5940 | Updated=0 | Skipped=2530 | Errors=0
2026-03-24 13:13:22,190 [INFO] Progress: 2540/5940 | Updated=0 | Skipped=2540 | Errors=0
2026-03-24 13:13:22,196 [INFO] Progress: 2550/5940 | Updated=0 | Skipped=2550 | Errors=0
2026-03-24 13:13:22,202 [INFO] Progress: 2560/5940 | Updated=0 | Skipped=2560 | Errors=0
2026-03-24 13:13:22,213 [INFO] Progress: 2570/5940 | Updated=0 | Skipped=2570 | Errors=0
2026-03-24 13:13:22,219 [INFO] Progress: 2580/5940 | Updated=0 | Skipped=2580 | Errors=0
2026-03-24 13:13:22,226 [INFO] Progress: 2590/5940 | Updated=0 | Skipped=2590 | Errors=0
2026-03-24 13:13:22,232 [INFO] Progress: 2600/5940 | Updated=0 | Skipped=2600 | Errors=0
2026-03-24 13:13:22,244 [INFO] Progress: 2610/5940 | Updated=0 | Skipped=2610 | Errors=0
2026-03-24 13:13:22,250 [INFO] Progress: 2620/5940 | Updated=0 | Skipped=2620 | Errors=0
2026-03-24 13:13:22,257 [INFO] Progress: 2630/5940 | Updated=0 | Skipped=2630 | Errors=0
2026-03-24 13:13:22,262 [INFO] Progress: 2640/5940 | Updated=0 | Skipped=2640 | Errors=0
2026-03-24 13:13:22,273 [INFO] Progress: 2650/5940 | Updated=0 | Skipped=2650 | Errors=0
2026-03-24 13:13:22,279 [INFO] Progress: 2660/5940 | Updated=0 | Skipped=2660 | Errors=0
2026-03-24 13:13:22,285 [INFO] Progress: 2670/5940 | Updated=0 | Skipped=2670 | Errors=0
2026-03-24 13:13:22,291 [INFO] Progress: 2680/5940 | Updated=0 | Skipped=2680 | Errors=0
2026-03-24 13:13:22,302 [INFO] Progress: 2690/5940 | Updated=0 | Skipped=2690 | Errors=0
2026-03-24 13:13:22,309 [INFO] Progress: 2700/5940 | Updated=0 | Skipped=2700 | Errors=0
2026-03-24 13:13:22,314 [INFO] Progress: 2710/5940 | Updated=0 | Skipped=2710 | Errors=0
2026-03-24 13:13:22,320 [INFO] Progress: 2720/5940 | Updated=0 | Skipped=2720 | Errors=0
2026-03-24 13:13:22,332 [INFO] Progress: 2730/5940 | Updated=0 | Skipped=2730 | Errors=0
2026-03-24 13:13:22,337 [INFO] Progress: 2740/5940 | Updated=0 | Skipped=2740 | Errors=0
2026-03-24 13:13:22,344 [INFO] Progress: 2750/5940 | Updated=0 | Skipped=2750 | Errors=0
2026-03-24 13:13:22,349 [INFO] Progress: 2760/5940 | Updated=0 | Skipped=2760 | Errors=0
2026-03-24 13:13:22,361 [INFO] Progress: 2770/5940 | Updated=0 | Skipped=2770 | Errors=0
2026-03-24 13:13:22,367 [INFO] Progress: 2780/5940 | Updated=0 | Skipped=2780 | Errors=0
2026-03-24 13:13:22,373 [INFO] Progress: 2790/5940 | Updated=0 | Skipped=2790 | Errors=0
2026-03-24 13:13:22,379 [INFO] Progress: 2800/5940 | Updated=0 | Skipped=2800 | Errors=0
2026-03-24 13:13:22,390 [INFO] Progress: 2810/5940 | Updated=0 | Skipped=2810 | Errors=0
2026-03-24 13:13:22,396 [INFO] Progress: 2820/5940 | Updated=0 | Skipped=2820 | Errors=0
2026-03-24 13:13:22,402 [INFO] Progress: 2830/5940 | Updated=0 | Skipped=2830 | Errors=0
2026-03-24 13:13:22,408 [INFO] Progress: 2840/5940 | Updated=0 | Skipped=2840 | Errors=0
2026-03-24 13:13:22,420 [INFO] Progress: 2850/5940 | Updated=0 | Skipped=2850 | Errors=0
2026-03-24 13:13:22,427 [INFO] Progress: 2860/5940 | Updated=0 | Skipped=2860 | Errors=0
2026-03-24 13:13:22,433 [INFO] Progress: 2870/5940 | Updated=0 | Skipped=2870 | Errors=0
2026-03-24 13:13:22,439 [INFO] Progress: 2880/5940 | Updated=0 | Skipped=2880 | Errors=0
2026-03-24 13:13:22,450 [INFO] Progress: 2890/5940 | Updated=0 | Skipped=2890 | Errors=0
2026-03-24 13:13:22,457 [INFO] Progress: 2900/5940 | Updated=0 | Skipped=2900 | Errors=0
2026-03-24 13:13:22,463 [INFO] Progress: 2910/5940 | Updated=0 | Skipped=2910 | Errors=0
2026-03-24 13:13:22,469 [INFO] Progress: 2920/5940 | Updated=0 | Skipped=2920 | Errors=0
2026-03-24 13:13:22,479 [INFO] Progress: 2930/5940 | Updated=0 | Skipped=2930 | Errors=0
2026-03-24 13:13:22,485 [INFO] Progress: 2940/5940 | Updated=0 | Skipped=2940 | Errors=0
2026-03-24 13:13:22,493 [INFO] Progress: 2950/5940 | Updated=0 | Skipped=2950 | Errors=0
2026-03-24 13:13:22,499 [INFO] Progress: 2960/5940 | Updated=0 | Skipped=2960 | Errors=0
2026-03-24 13:13:22,511 [INFO] Progress: 2970/5940 | Updated=0 | Skipped=2970 | Errors=0
2026-03-24 13:13:22,516 [INFO] Progress: 2980/5940 | Updated=0 | Skipped=2980 | Errors=0
2026-03-24 13:13:22,523 [INFO] Progress: 2990/5940 | Updated=0 | Skipped=2990 | Errors=0
2026-03-24 13:13:22,529 [INFO] Progress: 3000/5940 | Updated=0 | Skipped=3000 | Errors=0
2026-03-24 13:13:22,540 [INFO] Progress: 3010/5940 | Updated=0 | Skipped=3010 | Errors=0
2026-03-24 13:13:22,546 [INFO] Progress: 3020/5940 | Updated=0 | Skipped=3020 | Errors=0
2026-03-24 13:13:22,552 [INFO] Progress: 3030/5940 | Updated=0 | Skipped=3030 | Errors=0
2026-03-24 13:13:22,558 [INFO] Progress: 3040/5940 | Updated=0 | Skipped=3040 | Errors=0
2026-03-24 13:13:22,569 [INFO] Progress: 3050/5940 | Updated=0 | Skipped=3050 | Errors=0
2026-03-24 13:13:22,575 [INFO] Progress: 3060/5940 | Updated=0 | Skipped=3060 | Errors=0
2026-03-24 13:13:22,581 [INFO] Progress: 3070/5940 | Updated=0 | Skipped=3070 | Errors=0
2026-03-24 13:13:22,587 [INFO] Progress: 3080/5940 | Updated=0 | Skipped=3080 | Errors=0
2026-03-24 13:13:22,598 [INFO] Progress: 3090/5940 | Updated=0 | Skipped=3090 | Errors=0
2026-03-24 13:13:22,605 [INFO] Progress: 3100/5940 | Updated=0 | Skipped=3100 | Errors=0
2026-03-24 13:13:22,611 [INFO] Progress: 3110/5940 | Updated=0 | Skipped=3110 | Errors=0
2026-03-24 13:13:22,618 [INFO] Progress: 3120/5940 | Updated=0 | Skipped=3120 | Errors=0
2026-03-24 13:13:22,629 [INFO] Progress: 3130/5940 | Updated=0 | Skipped=3130 | Errors=0
2026-03-24 13:13:22,635 [INFO] Progress: 3140/5940 | Updated=0 | Skipped=3140 | Errors=0
2026-03-24 13:13:22,641 [INFO] Progress: 3150/5940 | Updated=0 | Skipped=3150 | Errors=0
2026-03-24 13:13:22,647 [INFO] Progress: 3160/5940 | Updated=0 | Skipped=3160 | Errors=0
2026-03-24 13:13:22,658 [INFO] Progress: 3170/5940 | Updated=0 | Skipped=3170 | Errors=0
2026-03-24 13:13:22,669 [INFO] Progress: 3180/5940 | Updated=0 | Skipped=3180 | Errors=0
2026-03-24 13:13:22,693 [INFO] Progress: 3190/5940 | Updated=0 | Skipped=3190 | Errors=0
2026-03-24 13:13:22,706 [INFO] Progress: 3200/5940 | Updated=0 | Skipped=3200 | Errors=0
2026-03-24 13:13:22,714 [INFO] Progress: 3210/5940 | Updated=0 | Skipped=3210 | Errors=0
2026-03-24 13:13:22,727 [INFO] Progress: 3220/5940 | Updated=0 | Skipped=3220 | Errors=0
2026-03-24 13:13:22,735 [INFO] Progress: 3230/5940 | Updated=0 | Skipped=3230 | Errors=0
2026-03-24 13:13:22,743 [INFO] Progress: 3240/5940 | Updated=0 | Skipped=3240 | Errors=0
2026-03-24 13:13:22,763 [INFO] Progress: 3250/5940 | Updated=0 | Skipped=3250 | Errors=0
2026-03-24 13:13:22,764 [INFO] Progress: 3260/5940 | Updated=0 | Skipped=3260 | Errors=0
2026-03-24 13:13:22,772 [INFO] Progress: 3270/5940 | Updated=0 | Skipped=3270 | Errors=0
2026-03-24 13:13:22,780 [INFO] Progress: 3280/5940 | Updated=0 | Skipped=3280 | Errors=0
2026-03-24 13:13:22,789 [INFO] Progress: 3290/5940 | Updated=0 | Skipped=3290 | Errors=0
2026-03-24 13:13:22,795 [INFO] Progress: 3300/5940 | Updated=0 | Skipped=3300 | Errors=0
2026-03-24 13:13:22,801 [INFO] Progress: 3310/5940 | Updated=0 | Skipped=3310 | Errors=0
2026-03-24 13:13:22,811 [INFO] Progress: 3320/5940 | Updated=0 | Skipped=3320 | Errors=0
2026-03-24 13:13:22,817 [INFO] Progress: 3330/5940 | Updated=0 | Skipped=3330 | Errors=0
2026-03-24 13:13:22,823 [INFO] Progress: 3340/5940 | Updated=0 | Skipped=3340 | Errors=0
2026-03-24 13:13:22,829 [INFO] Progress: 3350/5940 | Updated=0 | Skipped=3350 | Errors=0
2026-03-24 13:13:22,839 [INFO] Progress: 3360/5940 | Updated=0 | Skipped=3360 | Errors=0
2026-03-24 13:13:22,845 [INFO] Progress: 3370/5940 | Updated=0 | Skipped=3370 | Errors=0
2026-03-24 13:13:22,852 [INFO] Progress: 3380/5940 | Updated=0 | Skipped=3380 | Errors=0
2026-03-24 13:13:22,858 [INFO] Progress: 3390/5940 | Updated=0 | Skipped=3390 | Errors=0
2026-03-24 13:13:22,869 [INFO] Progress: 3400/5940 | Updated=0 | Skipped=3400 | Errors=0
2026-03-24 13:13:22,876 [INFO] Progress: 3410/5940 | Updated=0 | Skipped=3410 | Errors=0
2026-03-24 13:13:22,882 [INFO] Progress: 3420/5940 | Updated=0 | Skipped=3420 | Errors=0
2026-03-24 13:13:22,889 [INFO] Progress: 3430/5940 | Updated=0 | Skipped=3430 | Errors=0
2026-03-24 13:13:22,900 [INFO] Progress: 3440/5940 | Updated=0 | Skipped=3440 | Errors=0
2026-03-24 13:13:22,906 [INFO] Progress: 3450/5940 | Updated=0 | Skipped=3450 | Errors=0
2026-03-24 13:13:22,912 [INFO] Progress: 3460/5940 | Updated=0 | Skipped=3460 | Errors=0
2026-03-24 13:13:22,918 [INFO] Progress: 3470/5940 | Updated=0 | Skipped=3470 | Errors=0
2026-03-24 13:13:22,929 [INFO] Progress: 3480/5940 | Updated=0 | Skipped=3480 | Errors=0
2026-03-24 13:13:22,935 [INFO] Progress: 3490/5940 | Updated=0 | Skipped=3490 | Errors=0
2026-03-24 13:13:22,941 [INFO] Progress: 3500/5940 | Updated=0 | Skipped=3500 | Errors=0
2026-03-24 13:13:22,947 [INFO] Progress: 3510/5940 | Updated=0 | Skipped=3510 | Errors=0
2026-03-24 13:13:22,958 [INFO] Progress: 3520/5940 | Updated=0 | Skipped=3520 | Errors=0
2026-03-24 13:13:22,964 [INFO] Progress: 3530/5940 | Updated=0 | Skipped=3530 | Errors=0
2026-03-24 13:13:22,969 [INFO] Progress: 3540/5940 | Updated=0 | Skipped=3540 | Errors=0
2026-03-24 13:13:22,976 [INFO] Progress: 3550/5940 | Updated=0 | Skipped=3550 | Errors=0
2026-03-24 13:13:22,986 [INFO] Progress: 3560/5940 | Updated=0 | Skipped=3560 | Errors=0
2026-03-24 13:13:22,993 [INFO] Progress: 3570/5940 | Updated=0 | Skipped=3570 | Errors=0
2026-03-24 13:13:22,999 [INFO] Progress: 3580/5940 | Updated=0 | Skipped=3580 | Errors=0
2026-03-24 13:13:23,004 [INFO] Progress: 3590/5940 | Updated=0 | Skipped=3590 | Errors=0
2026-03-24 13:13:23,016 [INFO] Progress: 3600/5940 | Updated=0 | Skipped=3600 | Errors=0
2026-03-24 13:13:23,022 [INFO] Progress: 3610/5940 | Updated=0 | Skipped=3610 | Errors=0
2026-03-24 13:13:23,028 [INFO] Progress: 3620/5940 | Updated=0 | Skipped=3620 | Errors=0
2026-03-24 13:13:23,034 [INFO] Progress: 3630/5940 | Updated=0 | Skipped=3630 | Errors=0
2026-03-24 13:13:23,046 [INFO] Progress: 3640/5940 | Updated=0 | Skipped=3640 | Errors=0
2026-03-24 13:13:23,052 [INFO] Progress: 3650/5940 | Updated=0 | Skipped=3650 | Errors=0
2026-03-24 13:13:23,058 [INFO] Progress: 3660/5940 | Updated=0 | Skipped=3660 | Errors=0
2026-03-24 13:13:23,064 [INFO] Progress: 3670/5940 | Updated=0 | Skipped=3670 | Errors=0
2026-03-24 13:13:23,074 [INFO] Progress: 3680/5940 | Updated=0 | Skipped=3680 | Errors=0
2026-03-24 13:13:23,080 [INFO] Progress: 3690/5940 | Updated=0 | Skipped=3690 | Errors=0
2026-03-24 13:13:23,087 [INFO] Progress: 3700/5940 | Updated=0 | Skipped=3700 | Errors=0
2026-03-24 13:13:23,093 [INFO] Progress: 3710/5940 | Updated=0 | Skipped=3710 | Errors=0
2026-03-24 13:13:23,103 [INFO] Progress: 3720/5940 | Updated=0 | Skipped=3720 | Errors=0
2026-03-24 13:13:23,110 [INFO] Progress: 3730/5940 | Updated=0 | Skipped=3730 | Errors=0
2026-03-24 13:13:23,116 [INFO] Progress: 3740/5940 | Updated=0 | Skipped=3740 | Errors=0
2026-03-24 13:13:23,122 [INFO] Progress: 3750/5940 | Updated=0 | Skipped=3750 | Errors=0
2026-03-24 13:13:23,133 [INFO] Progress: 3760/5940 | Updated=0 | Skipped=3760 | Errors=0
2026-03-24 13:13:23,140 [INFO] Progress: 3770/5940 | Updated=0 | Skipped=3770 | Errors=0
2026-03-24 13:13:23,146 [INFO] Progress: 3780/5940 | Updated=0 | Skipped=3780 | Errors=0
2026-03-24 13:13:23,152 [INFO] Progress: 3790/5940 | Updated=0 | Skipped=3790 | Errors=0
2026-03-24 13:13:23,163 [INFO] Progress: 3800/5940 | Updated=0 | Skipped=3800 | Errors=0
2026-03-24 13:13:23,169 [INFO] Progress: 3810/5940 | Updated=0 | Skipped=3810 | Errors=0
2026-03-24 13:13:23,175 [INFO] Progress: 3820/5940 | Updated=0 | Skipped=3820 | Errors=0
2026-03-24 13:13:23,181 [INFO] Progress: 3830/5940 | Updated=0 | Skipped=3830 | Errors=0
2026-03-24 13:13:23,192 [INFO] Progress: 3840/5940 | Updated=0 | Skipped=3840 | Errors=0
2026-03-24 13:13:23,198 [INFO] Progress: 3850/5940 | Updated=0 | Skipped=3850 | Errors=0
2026-03-24 13:13:23,205 [INFO] Progress: 3860/5940 | Updated=0 | Skipped=3860 | Errors=0
2026-03-24 13:13:23,211 [INFO] Progress: 3870/5940 | Updated=0 | Skipped=3870 | Errors=0
2026-03-24 13:13:23,222 [INFO] Progress: 3880/5940 | Updated=0 | Skipped=3880 | Errors=0
2026-03-24 13:13:23,228 [INFO] Progress: 3890/5940 | Updated=0 | Skipped=3890 | Errors=0
2026-03-24 13:13:23,234 [INFO] Progress: 3900/5940 | Updated=0 | Skipped=3900 | Errors=0
2026-03-24 13:13:23,241 [INFO] Progress: 3910/5940 | Updated=0 | Skipped=3910 | Errors=0
2026-03-24 13:13:23,252 [INFO] Progress: 3920/5940 | Updated=0 | Skipped=3920 | Errors=0
2026-03-24 13:13:23,258 [INFO] Progress: 3930/5940 | Updated=0 | Skipped=3930 | Errors=0
2026-03-24 13:13:23,264 [INFO] Progress: 3940/5940 | Updated=0 | Skipped=3940 | Errors=0
2026-03-24 13:13:23,270 [INFO] Progress: 3950/5940 | Updated=0 | Skipped=3950 | Errors=0
2026-03-24 13:13:23,281 [INFO] Progress: 3960/5940 | Updated=0 | Skipped=3960 | Errors=0
2026-03-24 13:13:23,287 [INFO] Progress: 3970/5940 | Updated=0 | Skipped=3970 | Errors=0
2026-03-24 13:13:23,293 [INFO] Progress: 3980/5940 | Updated=0 | Skipped=3980 | Errors=0
2026-03-24 13:13:23,299 [INFO] Progress: 3990/5940 | Updated=0 | Skipped=3990 | Errors=0
2026-03-24 13:13:23,312 [INFO] Progress: 4000/5940 | Updated=0 | Skipped=4000 | Errors=0
2026-03-24 13:13:23,318 [INFO] Progress: 4010/5940 | Updated=0 | Skipped=4010 | Errors=0
2026-03-24 13:13:23,324 [INFO] Progress: 4020/5940 | Updated=0 | Skipped=4020 | Errors=0
2026-03-24 13:13:23,330 [INFO] Progress: 4030/5940 | Updated=0 | Skipped=4030 | Errors=0
2026-03-24 13:13:23,340 [INFO] Progress: 4040/5940 | Updated=0 | Skipped=4040 | Errors=0
2026-03-24 13:13:23,347 [INFO] Progress: 4050/5940 | Updated=0 | Skipped=4050 | Errors=0
2026-03-24 13:13:23,353 [INFO] Progress: 4060/5940 | Updated=0 | Skipped=4060 | Errors=0
2026-03-24 13:13:23,359 [INFO] Progress: 4070/5940 | Updated=0 | Skipped=4070 | Errors=0
2026-03-24 13:13:23,369 [INFO] Progress: 4080/5940 | Updated=0 | Skipped=4080 | Errors=0
2026-03-24 13:13:23,375 [INFO] Progress: 4090/5940 | Updated=0 | Skipped=4090 | Errors=0
2026-03-24 13:13:23,381 [INFO] Progress: 4100/5940 | Updated=0 | Skipped=4100 | Errors=0
2026-03-24 13:13:23,387 [INFO] Progress: 4110/5940 | Updated=0 | Skipped=4110 | Errors=0
2026-03-24 13:13:23,398 [INFO] Progress: 4120/5940 | Updated=0 | Skipped=4120 | Errors=0
2026-03-24 13:13:23,404 [INFO] Progress: 4130/5940 | Updated=0 | Skipped=4130 | Errors=0
2026-03-24 13:13:23,410 [INFO] Progress: 4140/5940 | Updated=0 | Skipped=4140 | Errors=0
2026-03-24 13:13:23,416 [INFO] Progress: 4150/5940 | Updated=0 | Skipped=4150 | Errors=0
2026-03-24 13:13:23,427 [INFO] Progress: 4160/5940 | Updated=0 | Skipped=4160 | Errors=0
2026-03-24 13:13:23,433 [INFO] Progress: 4170/5940 | Updated=0 | Skipped=4170 | Errors=0
2026-03-24 13:13:23,439 [INFO] Progress: 4180/5940 | Updated=0 | Skipped=4180 | Errors=0
2026-03-24 13:13:23,450 [INFO] Progress: 4190/5940 | Updated=0 | Skipped=4190 | Errors=0
2026-03-24 13:13:23,457 [INFO] Progress: 4200/5940 | Updated=0 | Skipped=4200 | Errors=0
2026-03-24 13:13:23,463 [INFO] Progress: 4210/5940 | Updated=0 | Skipped=4210 | Errors=0
2026-03-24 13:13:23,469 [INFO] Progress: 4220/5940 | Updated=0 | Skipped=4220 | Errors=0
2026-03-24 13:13:23,480 [INFO] Progress: 4230/5940 | Updated=0 | Skipped=4230 | Errors=0
2026-03-24 13:13:23,486 [INFO] Progress: 4240/5940 | Updated=0 | Skipped=4240 | Errors=0
2026-03-24 13:13:23,493 [INFO] Progress: 4250/5940 | Updated=0 | Skipped=4250 | Errors=0
2026-03-24 13:13:23,499 [INFO] Progress: 4260/5940 | Updated=0 | Skipped=4260 | Errors=0
2026-03-24 13:13:23,511 [INFO] Progress: 4270/5940 | Updated=0 | Skipped=4270 | Errors=0
2026-03-24 13:13:23,517 [INFO] Progress: 4280/5940 | Updated=0 | Skipped=4280 | Errors=0
2026-03-24 13:13:23,524 [INFO] Progress: 4290/5940 | Updated=0 | Skipped=4290 | Errors=0
2026-03-24 13:13:23,530 [INFO] Progress: 4300/5940 | Updated=0 | Skipped=4300 | Errors=0
2026-03-24 13:13:23,543 [INFO] Progress: 4310/5940 | Updated=0 | Skipped=4310 | Errors=0
2026-03-24 13:13:23,549 [INFO] Progress: 4320/5940 | Updated=0 | Skipped=4320 | Errors=0
2026-03-24 13:13:23,555 [INFO] Progress: 4330/5940 | Updated=0 | Skipped=4330 | Errors=0
2026-03-24 13:13:23,561 [INFO] Progress: 4340/5940 | Updated=0 | Skipped=4340 | Errors=0
2026-03-24 13:13:23,572 [INFO] Progress: 4350/5940 | Updated=0 | Skipped=4350 | Errors=0
2026-03-24 13:13:23,577 [INFO] Progress: 4360/5940 | Updated=0 | Skipped=4360 | Errors=0
2026-03-24 13:13:23,584 [INFO] Progress: 4370/5940 | Updated=0 | Skipped=4370 | Errors=0
2026-03-24 13:13:23,590 [INFO] Progress: 4380/5940 | Updated=0 | Skipped=4380 | Errors=0
2026-03-24 13:13:23,601 [INFO] Progress: 4390/5940 | Updated=0 | Skipped=4390 | Errors=0
2026-03-24 13:13:23,607 [INFO] Progress: 4400/5940 | Updated=0 | Skipped=4400 | Errors=0
2026-03-24 13:13:23,613 [INFO] Progress: 4410/5940 | Updated=0 | Skipped=4410 | Errors=0
2026-03-24 13:13:23,619 [INFO] Progress: 4420/5940 | Updated=0 | Skipped=4420 | Errors=0
2026-03-24 13:13:23,630 [INFO] Progress: 4430/5940 | Updated=0 | Skipped=4430 | Errors=0
2026-03-24 13:13:23,635 [INFO] Progress: 4440/5940 | Updated=0 | Skipped=4440 | Errors=0
2026-03-24 13:13:23,642 [INFO] Progress: 4450/5940 | Updated=0 | Skipped=4450 | Errors=0
2026-03-24 13:13:23,647 [INFO] Progress: 4460/5940 | Updated=0 | Skipped=4460 | Errors=0
2026-03-24 13:13:23,659 [INFO] Progress: 4470/5940 | Updated=0 | Skipped=4470 | Errors=0
2026-03-24 13:13:23,664 [INFO] Progress: 4480/5940 | Updated=0 | Skipped=4480 | Errors=0
2026-03-24 13:13:23,670 [INFO] Progress: 4490/5940 | Updated=0 | Skipped=4490 | Errors=0
2026-03-24 13:13:23,677 [INFO] Progress: 4500/5940 | Updated=0 | Skipped=4500 | Errors=0
2026-03-24 13:13:23,688 [INFO] Progress: 4510/5940 | Updated=0 | Skipped=4510 | Errors=0
2026-03-24 13:13:23,694 [INFO] Progress: 4520/5940 | Updated=0 | Skipped=4520 | Errors=0
2026-03-24 13:13:23,700 [INFO] Progress: 4530/5940 | Updated=0 | Skipped=4530 | Errors=0
2026-03-24 13:13:23,706 [INFO] Progress: 4540/5940 | Updated=0 | Skipped=4540 | Errors=0
2026-03-24 13:13:23,717 [INFO] Progress: 4550/5940 | Updated=0 | Skipped=4550 | Errors=0
2026-03-24 13:13:23,723 [INFO] Progress: 4560/5940 | Updated=0 | Skipped=4560 | Errors=0
2026-03-24 13:13:23,730 [INFO] Progress: 4570/5940 | Updated=0 | Skipped=4570 | Errors=0
2026-03-24 13:13:23,736 [INFO] Progress: 4580/5940 | Updated=0 | Skipped=4580 | Errors=0
2026-03-24 13:13:23,746 [INFO] Progress: 4590/5940 | Updated=0 | Skipped=4590 | Errors=0
2026-03-24 13:13:23,753 [INFO] Progress: 4600/5940 | Updated=0 | Skipped=4600 | Errors=0
2026-03-24 13:13:23,759 [INFO] Progress: 4610/5940 | Updated=0 | Skipped=4610 | Errors=0
2026-03-24 13:13:23,764 [INFO] Progress: 4620/5940 | Updated=0 | Skipped=4620 | Errors=0
2026-03-24 13:13:23,775 [INFO] Progress: 4630/5940 | Updated=0 | Skipped=4630 | Errors=0
2026-03-24 13:13:23,781 [INFO] Progress: 4640/5940 | Updated=0 | Skipped=4640 | Errors=0
2026-03-24 13:13:23,787 [INFO] Progress: 4650/5940 | Updated=0 | Skipped=4650 | Errors=0
2026-03-24 13:13:23,793 [INFO] Progress: 4660/5940 | Updated=0 | Skipped=4660 | Errors=0
2026-03-24 13:13:23,805 [INFO] Progress: 4670/5940 | Updated=0 | Skipped=4670 | Errors=0
2026-03-24 13:13:23,811 [INFO] Progress: 4680/5940 | Updated=0 | Skipped=4680 | Errors=0
2026-03-24 13:13:23,817 [INFO] Progress: 4690/5940 | Updated=0 | Skipped=4690 | Errors=0
2026-03-24 13:13:23,824 [INFO] Progress: 4700/5940 | Updated=0 | Skipped=4700 | Errors=0
2026-03-24 13:13:23,835 [INFO] Progress: 4710/5940 | Updated=0 | Skipped=4710 | Errors=0
2026-03-24 13:13:23,841 [INFO] Progress: 4720/5940 | Updated=0 | Skipped=4720 | Errors=0
2026-03-24 13:13:23,847 [INFO] Progress: 4730/5940 | Updated=0 | Skipped=4730 | Errors=0
2026-03-24 13:13:23,853 [INFO] Progress: 4740/5940 | Updated=0 | Skipped=4740 | Errors=0
2026-03-24 13:13:23,865 [INFO] Progress: 4750/5940 | Updated=0 | Skipped=4750 | Errors=0
2026-03-24 13:13:23,871 [INFO] Progress: 4760/5940 | Updated=0 | Skipped=4760 | Errors=0
2026-03-24 13:13:23,878 [INFO] Progress: 4770/5940 | Updated=0 | Skipped=4770 | Errors=0
2026-03-24 13:13:23,884 [INFO] Progress: 4780/5940 | Updated=0 | Skipped=4780 | Errors=0
2026-03-24 13:13:23,895 [INFO] Progress: 4790/5940 | Updated=0 | Skipped=4790 | Errors=0
2026-03-24 13:13:23,901 [INFO] Progress: 4800/5940 | Updated=0 | Skipped=4800 | Errors=0
2026-03-24 13:13:23,908 [INFO] Progress: 4810/5940 | Updated=0 | Skipped=4810 | Errors=0
2026-03-24 13:13:23,914 [INFO] Progress: 4820/5940 | Updated=0 | Skipped=4820 | Errors=0
2026-03-24 13:13:23,927 [INFO] Progress: 4830/5940 | Updated=0 | Skipped=4830 | Errors=0
2026-03-24 13:13:23,933 [INFO] Progress: 4840/5940 | Updated=0 | Skipped=4840 | Errors=0
2026-03-24 13:13:23,939 [INFO] Progress: 4850/5940 | Updated=0 | Skipped=4850 | Errors=0
2026-03-24 13:13:23,945 [INFO] Progress: 4860/5940 | Updated=0 | Skipped=4860 | Errors=0
2026-03-24 13:13:23,958 [INFO] Progress: 4870/5940 | Updated=0 | Skipped=4870 | Errors=0
2026-03-24 13:13:23,964 [INFO] Progress: 4880/5940 | Updated=0 | Skipped=4880 | Errors=0
2026-03-24 13:13:23,970 [INFO] Progress: 4890/5940 | Updated=0 | Skipped=4890 | Errors=0
2026-03-24 13:13:23,977 [INFO] Progress: 4900/5940 | Updated=0 | Skipped=4900 | Errors=0
2026-03-24 13:13:23,988 [INFO] Progress: 4910/5940 | Updated=0 | Skipped=4910 | Errors=0
2026-03-24 13:13:23,994 [INFO] Progress: 4920/5940 | Updated=0 | Skipped=4920 | Errors=0
2026-03-24 13:13:24,000 [INFO] Progress: 4930/5940 | Updated=0 | Skipped=4930 | Errors=0
2026-03-24 13:13:24,006 [INFO] Progress: 4940/5940 | Updated=0 | Skipped=4940 | Errors=0
2026-03-24 13:13:24,017 [INFO] Progress: 4950/5940 | Updated=0 | Skipped=4950 | Errors=0
2026-03-24 13:13:24,024 [INFO] Progress: 4960/5940 | Updated=0 | Skipped=4960 | Errors=0
2026-03-24 13:13:24,030 [INFO] Progress: 4970/5940 | Updated=0 | Skipped=4970 | Errors=0
2026-03-24 13:13:24,036 [INFO] Progress: 4980/5940 | Updated=0 | Skipped=4980 | Errors=0
2026-03-24 13:13:24,048 [INFO] Progress: 4990/5940 | Updated=0 | Skipped=4990 | Errors=0
2026-03-24 13:13:24,053 [INFO] Progress: 5000/5940 | Updated=0 | Skipped=5000 | Errors=0
2026-03-24 13:13:24,060 [INFO] Progress: 5010/5940 | Updated=0 | Skipped=5010 | Errors=0
2026-03-24 13:13:24,067 [INFO] Progress: 5020/5940 | Updated=0 | Skipped=5020 | Errors=0
2026-03-24 13:13:24,079 [INFO] Progress: 5030/5940 | Updated=0 | Skipped=5030 | Errors=0
2026-03-24 13:13:24,086 [INFO] Progress: 5040/5940 | Updated=0 | Skipped=5040 | Errors=0
2026-03-24 13:13:24,092 [INFO] Progress: 5050/5940 | Updated=0 | Skipped=5050 | Errors=0
2026-03-24 13:13:24,098 [INFO] Progress: 5060/5940 | Updated=0 | Skipped=5060 | Errors=0
2026-03-24 13:13:24,109 [INFO] Progress: 5070/5940 | Updated=0 | Skipped=5070 | Errors=0
2026-03-24 13:13:24,116 [INFO] Progress: 5080/5940 | Updated=0 | Skipped=5080 | Errors=0
2026-03-24 13:13:24,122 [INFO] Progress: 5090/5940 | Updated=0 | Skipped=5090 | Errors=0
2026-03-24 13:13:24,128 [INFO] Progress: 5100/5940 | Updated=0 | Skipped=5100 | Errors=0
2026-03-24 13:13:24,139 [INFO] Progress: 5110/5940 | Updated=0 | Skipped=5110 | Errors=0
2026-03-24 13:13:24,146 [INFO] Progress: 5120/5940 | Updated=0 | Skipped=5120 | Errors=0
2026-03-24 13:13:24,152 [INFO] Progress: 5130/5940 | Updated=0 | Skipped=5130 | Errors=0
2026-03-24 13:13:24,159 [INFO] Progress: 5140/5940 | Updated=0 | Skipped=5140 | Errors=0
2026-03-24 13:13:24,169 [INFO] Progress: 5150/5940 | Updated=0 | Skipped=5150 | Errors=0
2026-03-24 13:13:24,175 [INFO] Progress: 5160/5940 | Updated=0 | Skipped=5160 | Errors=0
2026-03-24 13:13:24,182 [INFO] Progress: 5170/5940 | Updated=0 | Skipped=5170 | Errors=0
2026-03-24 13:13:24,188 [INFO] Progress: 5180/5940 | Updated=0 | Skipped=5180 | Errors=0
2026-03-24 13:13:24,199 [INFO] Progress: 5190/5940 | Updated=0 | Skipped=5190 | Errors=0
2026-03-24 13:13:24,205 [INFO] Progress: 5200/5940 | Updated=0 | Skipped=5200 | Errors=0
2026-03-24 13:13:24,212 [INFO] Progress: 5210/5940 | Updated=0 | Skipped=5210 | Errors=0
2026-03-24 13:13:24,220 [INFO] Progress: 5220/5940 | Updated=0 | Skipped=5220 | Errors=0
2026-03-24 13:13:24,234 [INFO] Progress: 5230/5940 | Updated=0 | Skipped=5230 | Errors=0
2026-03-24 13:13:24,242 [INFO] Progress: 5240/5940 | Updated=0 | Skipped=5240 | Errors=0
2026-03-24 13:13:24,250 [INFO] Progress: 5250/5940 | Updated=0 | Skipped=5250 | Errors=0
2026-03-24 13:13:24,257 [INFO] Progress: 5260/5940 | Updated=0 | Skipped=5260 | Errors=0
2026-03-24 13:13:24,272 [INFO] Progress: 5270/5940 | Updated=0 | Skipped=5270 | Errors=0
2026-03-24 13:13:24,279 [INFO] Progress: 5280/5940 | Updated=0 | Skipped=5280 | Errors=0
2026-03-24 13:13:24,286 [INFO] Progress: 5290/5940 | Updated=0 | Skipped=5290 | Errors=0
2026-03-24 13:13:24,296 [INFO] Progress: 5300/5940 | Updated=0 | Skipped=5300 | Errors=0
2026-03-24 13:13:24,305 [INFO] Progress: 5310/5940 | Updated=0 | Skipped=5310 | Errors=0
2026-03-24 13:13:24,311 [INFO] Progress: 5320/5940 | Updated=0 | Skipped=5320 | Errors=0
2026-03-24 13:13:24,318 [INFO] Progress: 5330/5940 | Updated=0 | Skipped=5330 | Errors=0
2026-03-24 13:13:24,323 [INFO] Progress: 5340/5940 | Updated=0 | Skipped=5340 | Errors=0
2026-03-24 13:13:24,335 [INFO] Progress: 5350/5940 | Updated=0 | Skipped=5350 | Errors=0
2026-03-24 13:13:24,341 [INFO] Progress: 5360/5940 | Updated=0 | Skipped=5360 | Errors=0
2026-03-24 13:13:24,348 [INFO] Progress: 5370/5940 | Updated=0 | Skipped=5370 | Errors=0
2026-03-24 13:13:24,354 [INFO] Progress: 5380/5940 | Updated=0 | Skipped=5380 | Errors=0
2026-03-24 13:13:24,364 [INFO] Progress: 5390/5940 | Updated=0 | Skipped=5390 | Errors=0
2026-03-24 13:13:24,370 [INFO] Progress: 5400/5940 | Updated=0 | Skipped=5400 | Errors=0
2026-03-24 13:13:24,376 [INFO] Progress: 5410/5940 | Updated=0 | Skipped=5410 | Errors=0
2026-03-24 13:13:24,383 [INFO] Progress: 5420/5940 | Updated=0 | Skipped=5420 | Errors=0
2026-03-24 13:13:24,396 [INFO] Progress: 5430/5940 | Updated=0 | Skipped=5430 | Errors=0
2026-03-24 13:13:24,404 [INFO] Progress: 5440/5940 | Updated=0 | Skipped=5440 | Errors=0
2026-03-24 13:13:24,412 [INFO] Progress: 5450/5940 | Updated=0 | Skipped=5450 | Errors=0
2026-03-24 13:13:24,419 [INFO] Progress: 5460/5940 | Updated=0 | Skipped=5460 | Errors=0
2026-03-24 13:13:24,432 [INFO] Progress: 5470/5940 | Updated=0 | Skipped=5470 | Errors=0
2026-03-24 13:13:24,439 [INFO] Progress: 5480/5940 | Updated=0 | Skipped=5480 | Errors=0
2026-03-24 13:13:24,448 [INFO] Progress: 5490/5940 | Updated=0 | Skipped=5490 | Errors=0
2026-03-24 13:13:24,458 [INFO] Progress: 5500/5940 | Updated=0 | Skipped=5500 | Errors=0
2026-03-24 13:13:24,474 [INFO] Progress: 5510/5940 | Updated=0 | Skipped=5510 | Errors=0
2026-03-24 13:13:24,487 [INFO] Progress: 5520/5940 | Updated=0 | Skipped=5520 | Errors=0
2026-03-24 13:13:24,500 [INFO] Progress: 5530/5940 | Updated=0 | Skipped=5530 | Errors=0
2026-03-24 13:13:24,512 [INFO] Progress: 5540/5940 | Updated=0 | Skipped=5540 | Errors=0
2026-03-24 13:13:24,519 [INFO] Progress: 5550/5940 | Updated=0 | Skipped=5550 | Errors=0
2026-03-24 13:13:24,541 [INFO] Progress: 5560/5940 | Updated=0 | Skipped=5560 | Errors=0
2026-03-24 13:13:24,610 [INFO] Progress: 5570/5940 | Updated=0 | Skipped=5570 | Errors=0
2026-03-24 13:13:24,616 [INFO] Progress: 5580/5940 | Updated=0 | Skipped=5580 | Errors=0
2026-03-24 13:13:24,620 [INFO] Progress: 5590/5940 | Updated=0 | Skipped=5590 | Errors=0
2026-03-24 13:13:24,623 [INFO] Progress: 5600/5940 | Updated=0 | Skipped=5600 | Errors=0
2026-03-24 13:13:24,625 [INFO] Progress: 5610/5940 | Updated=0 | Skipped=5610 | Errors=0
2026-03-24 13:13:24,626 [INFO] Progress: 5620/5940 | Updated=0 | Skipped=5620 | Errors=0
2026-03-24 13:13:24,627 [INFO] Progress: 5630/5940 | Updated=0 | Skipped=5630 | Errors=0
2026-03-24 13:13:24,639 [INFO] Progress: 5640/5940 | Updated=0 | Skipped=5640 | Errors=0
2026-03-24 13:13:24,650 [INFO] Progress: 5650/5940 | Updated=0 | Skipped=5650 | Errors=0
2026-03-24 13:13:24,659 [INFO] Progress: 5660/5940 | Updated=0 | Skipped=5660 | Errors=0
2026-03-24 13:13:24,670 [INFO] Progress: 5670/5940 | Updated=0 | Skipped=5670 | Errors=0
2026-03-24 13:13:24,680 [INFO] Progress: 5680/5940 | Updated=0 | Skipped=5680 | Errors=0
2026-03-24 13:13:24,691 [INFO] Progress: 5690/5940 | Updated=0 | Skipped=5690 | Errors=0
2026-03-24 13:13:24,702 [INFO] Progress: 5700/5940 | Updated=0 | Skipped=5700 | Errors=0
2026-03-24 13:13:24,711 [INFO] Progress: 5710/5940 | Updated=0 | Skipped=5710 | Errors=0
2026-03-24 13:13:24,719 [INFO] Progress: 5720/5940 | Updated=0 | Skipped=5720 | Errors=0
2026-03-24 13:13:24,731 [INFO] Progress: 5730/5940 | Updated=0 | Skipped=5730 | Errors=0
2026-03-24 13:13:24,744 [INFO] Progress: 5740/5940 | Updated=0 | Skipped=5740 | Errors=0
2026-03-24 13:13:24,751 [INFO] Progress: 5750/5940 | Updated=0 | Skipped=5750 | Errors=0
2026-03-24 13:13:24,761 [INFO] Progress: 5760/5940 | Updated=0 | Skipped=5760 | Errors=0
2026-03-24 13:13:24,771 [INFO] Progress: 5770/5940 | Updated=0 | Skipped=5770 | Errors=0
2026-03-24 13:13:24,778 [INFO] Progress: 5780/5940 | Updated=0 | Skipped=5780 | Errors=0
2026-03-24 13:13:24,784 [INFO] Progress: 5790/5940 | Updated=0 | Skipped=5790 | Errors=0
2026-03-24 13:13:24,791 [INFO] Progress: 5800/5940 | Updated=0 | Skipped=5800 | Errors=0
2026-03-24 13:13:24,804 [INFO] Progress: 5810/5940 | Updated=0 | Skipped=5810 | Errors=0
2026-03-24 13:13:24,812 [INFO] Progress: 5820/5940 | Updated=0 | Skipped=5820 | Errors=0
2026-03-24 13:13:24,818 [INFO] Progress: 5830/5940 | Updated=0 | Skipped=5830 | Errors=0
2026-03-24 13:13:24,825 [INFO] Progress: 5840/5940 | Updated=0 | Skipped=5840 | Errors=0
2026-03-24 13:13:24,835 [INFO] Progress: 5850/5940 | Updated=0 | Skipped=5850 | Errors=0
2026-03-24 13:13:24,843 [INFO] Progress: 5860/5940 | Updated=0 | Skipped=5860 | Errors=0
2026-03-24 13:13:24,850 [INFO] Progress: 5870/5940 | Updated=0 | Skipped=5870 | Errors=0
2026-03-24 13:13:24,857 [INFO] Progress: 5880/5940 | Updated=0 | Skipped=5880 | Errors=0
2026-03-24 13:13:24,869 [INFO] Progress: 5890/5940 | Updated=0 | Skipped=5890 | Errors=0
2026-03-24 13:13:24,876 [INFO] Progress: 5900/5940 | Updated=0 | Skipped=5900 | Errors=0
2026-03-24 13:13:24,883 [INFO] Progress: 5910/5940 | Updated=0 | Skipped=5910 | Errors=0
2026-03-24 13:13:24,893 [INFO] Progress: 5920/5940 | Updated=0 | Skipped=5920 | Errors=0
2026-03-24 13:13:24,909 [INFO] Progress: 5930/5940 | Updated=0 | Skipped=5930 | Errors=0
2026-03-24 13:13:24,916 [INFO] Progress: 5940/5940 | Updated=0 | Skipped=5940 | Errors=0
2026-03-24 13:13:24,917 [INFO] ============================================================
2026-03-24 13:13:24,917 [INFO] Done! Updated: 0, Skipped: 5940, Errors: 0
2026-03-24 13:13:24,917 [INFO] Total time: 5.8s
2026-03-24 13:13:24,917 [INFO] Log: C:\Users\hieptd\Desktop\UIl_OPAL\UpdateDataColumn\range_update.log
2026-03-24 18:19:46,267 [INFO] ============================================================
2026-03-24 18:19:46,267 [INFO] Date Range Update: 01-01-2025 to 19-03-2026
2026-03-24 18:19:46,268 [INFO] ============================================================
